<?xml version="1.0" encoding="UTF-8"?>
<testsuite xmlns:xsi="http://www.w3.org/2001/XMLSchema-instance" xsi:noNamespaceSchemaLocation="https://maven.apache.org/surefire/maven-surefire-plugin/xsd/surefire-test-report-3.0.xsd" version="3.0" name="Solution19Test" time="0.051" tests="8" errors="0" skipped="0" failures="0">
  <properties>
[...]
</properties>
  <testcase name="testGameOfLifeBlinkerPattern" classname="Solution19Test" time="0.004"/>
  <testcase name="testGameOfLifeReproduction" classname="Solution19Test" time="0.0"/>
  <testcase name="testGameOfLifeUnderpopulation" classname="Solution19Test" time="0.0"/>
  <testcase name="testGameOfLifeAllDead" classname="Solution19Test" time="0.0"/>
  <testcase name="testGameOfLifeExample1" classname="Solution19Test" time="0.0"/>
  <testcase name="testGameOfLifeExample2" classname="Solution19Test" time="0.0"/>
  <testcase name="testGameOfLifeSurvival" classname="Solution19Test" time="0.0"/>
  <testcase name="testGameOfLifeOverpopulation" classname="Solution19Test" time="0.001"/>
</testsuite>